<?xml version="1.0" encoding="UTF-8"?>
<!-- Generated by org.testng.reporters.JUnitReportReporter -->
<testsuite hostname="DESKTOP-V0CN4LJ" failures="0" tests="1" name="TestCases.RegisterTC" time="9.465" errors="0" timestamp="2022-04-03T07:06:18 IST" skipped="0">
  <testcase classname="TestCases.RegisterTC" name="registerTest" time="9.465"/>
  <system-out/>
</testsuite> <!-- TestCases.RegisterTC -->
